\BOOKMARK [0][-]{chapter*.4}{\376\377\000I\000n\000t\000r\000o\000d\000u\000c\000t\000i\000o\000n}{}% 1
\BOOKMARK [1][-]{section.0.1}{\376\377\000C\000o\000n\000t\000e\000x\000t\000e}{chapter*.4}% 2
\BOOKMARK [1][-]{section.0.2}{\376\377\000O\000b\000j\000e\000c\000t\000i\000f\000s\000\040\000d\000u\000\040\000s\000t\000a\000g\000e}{chapter*.4}% 3
\BOOKMARK [0][-]{chapter.1}{\376\377\000N\000o\000t\000i\000o\000n\000s\000\040\000d\000e\000\040\000n\000e\000u\000r\000o\000p\000h\000y\000s\000i\000o\000l\000o\000g\000i\000e}{}% 4
\BOOKMARK [1][-]{section.1.1}{\376\377\000D\000e\000\040\000l\000'\000a\000c\000t\000i\000v\000i\000t\000\351\000\040\000n\000e\000u\000r\000o\000n\000a\000l\000e\000\040\000a\000u\000x\000\040\000s\000i\000g\000n\000a\000u\000x\000\040\000n\000e\000u\000r\000o\000p\000h\000y\000s\000i\000o\000l\000o\000g\000i\000q\000u\000e\000s}{chapter.1}% 5
\BOOKMARK [1][-]{section.1.2}{\376\377\000L\000a\000\040\000t\000e\000c\000h\000n\000i\000q\000u\000e\000\040\000d\040\031\000e\000n\000r\000e\000g\000i\000s\000t\000r\000e\000m\000e\000n\000t\000\040\000M\000E\000G}{chapter.1}% 6
\BOOKMARK [0][-]{chapter.2}{\376\377\000D\000e\000s\000c\000r\000i\000p\000t\000i\000o\000n\000\040\000d\000u\000\040\000d\000a\000t\000a\000s\000e\000t\000\040\000\050\000M\000O\000U\000S\000\051}{}% 7
\BOOKMARK [0][-]{chapter.3}{\376\377\000P\000r\000\351\000-\000t\000r\000a\000i\000t\000e\000m\000e\000n\000t\000\040\000d\000e\000s\000\040\000s\000i\000g\000n\000a\000u\000x\000\040\000M\000E\000G}{}% 8
\BOOKMARK [1][-]{section.3.1}{\376\377\000P\000r\000o\000t\000o\000c\000o\000l\000e\000\040\000d\000e\000\040\000p\000r\000\351\000-\000t\000r\000a\000i\000t\000e\000m\000e\000n\000t}{chapter.3}% 9
\BOOKMARK [1][-]{section.3.2}{\376\377\000S\000\351\000r\000i\000e\000s\000\040\000t\000e\000m\000p\000o\000r\000e\000l\000l\000e\000s\000\040\000e\000t\000\040\000f\000i\000l\000t\000r\000e\000\040\000p\000a\000s\000s\000e\000-\000h\000a\000u\000t}{chapter.3}% 10
\BOOKMARK [1][-]{section.3.3}{\376\377\000S\000p\000e\000c\000t\000r\000e\000\040\000e\000t\000\040\000f\000i\000l\000t\000r\000e\000\040\000c\000o\000u\000p\000e\000-\000b\000a\000n\000d\000e}{chapter.3}% 11
\BOOKMARK [1][-]{section.3.4}{\376\377\000S\000e\000g\000m\000e\000n\000t\000a\000t\000i\000o\000n\000\040\000t\000e\000m\000p\000o\000r\000e\000l\000l\000e\000\040\000d\000u\000\040\000s\000i\000g\000n\000a\000l}{chapter.3}% 12
\BOOKMARK [0][-]{chapter.4}{\376\377\000A\000n\000a\000l\000y\000s\000e\000\040\000d\000a\000n\000s\000\040\000l\000e\000\040\000c\000a\000d\000r\000e\000\040\000d\000e\000\040\000t\000h\000\351\000o\000r\000i\000e\000\040\000d\000e\000\040\000l\000'\000i\000n\000f\000o\000r\000m\000a\000t\000i\000o\000n}{}% 13
\BOOKMARK [1][-]{section.4.1}{\376\377\000R\000e\000p\000r\000\351\000s\000e\000n\000t\000a\000t\000i\000o\000n\000\040\000s\000y\000m\000b\000o\000l\000i\000q\000u\000e\000\040\000d\000'\000u\000n\000\040\000s\000y\000s\000t\000\350\000m\000e\000\040\000d\000y\000n\000a\000m\000i\000q\000u\000e}{chapter.4}% 14
\BOOKMARK [2][-]{subsection.4.1.1}{\376\377\000T\000h\000\351\000o\000r\000i\000e}{section.4.1}% 15
\BOOKMARK [2][-]{subsection.4.1.2}{\376\377\000P\000r\000a\000t\000i\000q\000u\000e}{section.4.1}% 16
\BOOKMARK [1][-]{section.4.2}{\376\377\000E\000n\000t\000r\000o\000p\000i\000e}{chapter.4}% 17
\BOOKMARK [1][-]{section.4.3}{\376\377\000P\000r\000o\000c\000e\000s\000s\000u\000s\000\040\000s\000t\000o\000c\000h\000a\000s\000t\000i\000q\000u\000e\000\040\000e\000t\000\040\000t\000a\000u\000x\000\040\000d\000'\000e\000n\000t\000r\000o\000p\000i\000e}{chapter.4}% 18
\BOOKMARK [1][-]{section.4.4}{\376\377\000E\000s\000t\000i\000m\000a\000t\000e\000u\000r\000\040\000d\000e\000\040\000L\000e\000m\000p\000e\000l\000-\000Z\000i\000v}{chapter.4}% 19
\BOOKMARK [0][-]{chapter.5}{\376\377\000D\000\351\000v\000e\000l\000o\000p\000p\000e\000m\000e\000n\000t\000\040\000e\000t\000\040\000c\000o\000d\000e\000\040\000P\000y\000t\000h\000o\000n}{}% 20
\BOOKMARK [1][-]{section.5.1}{\376\377\000S\000c\000i\000k\000i\000t\000s\000-\000s\000y\000m\000b\000o\000l\000i\000c}{chapter.5}% 21
\BOOKMARK [1][-]{section.5.2}{\376\377\000S\000t\000r\000u\000c\000t\000u\000r\000e\000\040\000e\000t\000\040\000c\000l\000a\000s\000s\000e\000s}{chapter.5}% 22
\BOOKMARK [1][-]{section.5.3}{\376\377\000F\000o\000n\000c\000t\000i\000o\000n\000s}{chapter.5}% 23
\BOOKMARK [1][-]{section.5.4}{\376\377\000T\000e\000s\000t\000s\000\040\000s\000u\000r\000\040\000l\000e\000\040\000s\000c\000i\000k\000i\000t\000s\000\040\000e\000t\000\040\000d\000o\000c\000u\000m\000e\000n\000t\000a\000t\000i\000o\000n\000\040\000a\000s\000s\000o\000c\000i\000\351\000e}{chapter.5}% 24
\BOOKMARK [0][-]{chapter.6}{\376\377\000R\000\351\000s\000u\000l\000t\000a\000t\000s}{}% 25
\BOOKMARK [1][-]{section.6.1}{\376\377\000T\000e\000s\000t\000s\000\040\000d\000'\000i\000n\000d\000\351\000p\000e\000n\000d\000a\000n\000c\000e\000\040\000s\000t\000a\000t\000i\000s\000t\000i\000q\000u\000e}{chapter.6}% 26
\BOOKMARK [1][-]{section.6.2}{\376\377\000I\000n\000t\000e\000r\000p\000r\000\351\000t\000a\000t\000i\000o\000n\000\040\000d\000e\000s\000\040\000r\000\351\000s\000u\000l\000t\000a\000t\000s}{chapter.6}% 27
\BOOKMARK [2][-]{subsection.6.2.1}{\376\377\000T\000a\000r\000g\000e\000t\000\040\000w\000o\000r\000d\000\040\000v\000s\000\040\000i\000n\000d\000i\000v\000i\000d\000u\000a\000l\000\040\000w\000o\000r\000d}{section.6.2}% 28
\BOOKMARK [2][-]{subsection.6.2.2}{\376\377\000P\000h\000r\000a\000s\000e\000s\000\040\000s\000i\000m\000p\000l\000e\000s\000\040\000v\000s\000\040\000l\000i\000s\000t\000e\000s\000\040\000a\000l\000\351\000a\000t\000o\000i\000r\000e\000s\000\040\000d\000e\000\040\000m\000o\000t\000s\000\040\000i\000s\000s\000u\000e\000s\000\040\000d\000e\000\040\000p\000h\000r\000a\000s\000e\000s\000\040\000s\000i\000m\000p\000l\000e\000s}{section.6.2}% 29
\BOOKMARK [2][-]{subsection.6.2.3}{\376\377\000T\000\342\000c\000h\000e\000\040\000v\000i\000s\000u\000e\000l\000l\000e\000\040\000v\000s\000\040\000t\000\342\000c\000h\000e\000\040\000a\000u\000d\000i\000t\000i\000v\000e}{section.6.2}% 30
\BOOKMARK [2][-]{subsection.6.2.4}{\376\377\000R\000\351\000c\000a\000p\000i\000t\000u\000l\000a\000t\000i\000f\000\040\000d\000e\000s\000\040\000r\000\351\000s\000u\000l\000t\000a\000t\000s\000\040\000d\000e\000s\000\040\000t\000e\000s\000t\000s\000\040\000s\000t\000a\000t\000i\000s\000t\000i\000q\000u\000e\000s}{section.6.2}% 31
\BOOKMARK [0][-]{chapter*.5}{\376\377\000C\000o\000n\000c\000l\000u\000s\000i\000o\000n}{}% 32
\BOOKMARK [0][-]{chapter*.6}{\376\377\000B\000i\000b\000l\000i\000o\000g\000r\000a\000p\000h\000i\000e}{}% 33
\BOOKMARK [0][-]{section*.7}{\376\377\000A\000p\000p\000e\000n\000d\000i\000c\000e\000s}{}% 34
