This is pdfTeX, Version 3.141592653-2.6-1.40.22 (TeX Live 2022/dev/Debian) (preloaded format=pdflatex 2023.10.5)  8 NOV 2023 19:05
entering extended mode
 restricted \write18 enabled.
 %&-line parsing enabled.
**main.tex
(./main.tex
LaTeX2e <2021-11-15> patch level 1
L3 programming layer <2022-01-21>
(/usr/share/texlive/texmf-dist/tex/latex/base/report.cls
Document Class: report 2021/10/04 v1.4n Standard LaTeX document class
(/usr/share/texlive/texmf-dist/tex/latex/base/size12.clo
File: size12.clo 2021/10/04 v1.4n Standard LaTeX file (size option)
)
\c@part=\count185
\c@chapter=\count186
\c@section=\count187
\c@subsection=\count188
\c@subsubsection=\count189
\c@paragraph=\count190
\c@subparagraph=\count191
\c@figure=\count192
\c@table=\count193
\abovecaptionskip=\skip47
\belowcaptionskip=\skip48
\bibindent=\dimen138
)
(/usr/share/texlive/texmf-dist/tex/latex/base/inputenc.sty
Package: inputenc 2021/02/14 v1.3d Input encoding file
\inpenc@prehook=\toks16
\inpenc@posthook=\toks17
)
(/usr/share/texlive/texmf-dist/tex/generic/babel/babel.sty
Package: babel 2022/01/26 3.70 The Babel package
\babel@savecnt=\count194
\U@D=\dimen139
\l@unhyphenated=\language5

(/usr/share/texlive/texmf-dist/tex/generic/babel/txtbabel.def)
\bbl@readstream=\read2
\bbl@dirlevel=\count195

(/usr/share/texlive/texmf-dist/tex/generic/babel-french/french.ldf
Language: french 2021/07/20 v3.5m French support from the babel system
Package babel Info: Hyphen rules for 'acadian' set to \l@french
(babel)             (\language4). Reported on input line 91.
Package babel Info: Hyphen rules for 'canadien' set to \l@french
(babel)             (\language4). Reported on input line 92.
\FB@nonchar=\count196
Package babel Info: Making : an active character on input line 430.
Package babel Info: Making ; an active character on input line 431.
Package babel Info: Making ! an active character on input line 432.
Package babel Info: Making ? an active character on input line 433.
\FBguill@level=\count197
\FBold@everypar=\toks18
\FB@Mht=\dimen140
\mc@charclass=\count198
\mc@charfam=\count199
\mc@charslot=\count266
\std@mcc=\count267
\dec@mcc=\count268
\listindentFB=\dimen141
\descindentFB=\dimen142
\labelindentFB=\dimen143
\labelwidthFB=\dimen144
\leftmarginFB=\dimen145
\parindentFFN=\dimen146
\FBfnindent=\dimen147
))
(/usr/share/texlive/texmf-dist/tex/latex/carlisle/scalefnt.sty)
(/usr/share/texlive/texmf-dist/tex/latex/graphics/keyval.sty
Package: keyval 2014/10/28 v1.15 key=value parser (DPC)
\KV@toks@=\toks19
)
(/usr/share/texlive/texmf-dist/tex/latex/base/fontenc.sty
Package: fontenc 2021/04/29 v2.0v Standard LaTeX package
)
(/usr/share/texlive/texmf-dist/tex/latex/graphics/graphicx.sty
Package: graphicx 2021/09/16 v1.2d Enhanced LaTeX Graphics (DPC,SPQR)

(/usr/share/texlive/texmf-dist/tex/latex/graphics/graphics.sty
Package: graphics 2021/03/04 v1.4d Standard LaTeX Graphics (DPC,SPQR)

(/usr/share/texlive/texmf-dist/tex/latex/graphics/trig.sty
Package: trig 2021/08/11 v1.11 sin cos tan (DPC)
)
(/usr/share/texlive/texmf-dist/tex/latex/graphics-cfg/graphics.cfg
File: graphics.cfg 2016/06/04 v1.11 sample graphics configuration
)
Package graphics Info: Driver file: pdftex.def on input line 107.

(/usr/share/texlive/texmf-dist/tex/latex/graphics-def/pdftex.def
File: pdftex.def 2020/10/05 v1.2a Graphics/color driver for pdftex
))
\Gin@req@height=\dimen148
\Gin@req@width=\dimen149
)
(/usr/share/texlive/texmf-dist/tex/latex/geometry/geometry.sty
Package: geometry 2020/01/02 v5.9 Page Geometry

(/usr/share/texlive/texmf-dist/tex/generic/iftex/ifvtex.sty
Package: ifvtex 2019/10/25 v1.7 ifvtex legacy package. Use iftex instead.

(/usr/share/texlive/texmf-dist/tex/generic/iftex/iftex.sty
Package: iftex 2020/03/06 v1.0d TeX engine tests
))
\Gm@cnth=\count269
\Gm@cntv=\count270
\c@Gm@tempcnt=\count271
\Gm@bindingoffset=\dimen150
\Gm@wd@mp=\dimen151
\Gm@odd@mp=\dimen152
\Gm@even@mp=\dimen153
\Gm@layoutwidth=\dimen154
\Gm@layoutheight=\dimen155
\Gm@layouthoffset=\dimen156
\Gm@layoutvoffset=\dimen157
\Gm@dimlist=\toks20
)
(/usr/share/texlive/texmf-dist/tex/latex/hyperref/hyperref.sty
Package: hyperref 2021-06-07 v7.00m Hypertext links for LaTeX

(/usr/share/texlive/texmf-dist/tex/generic/ltxcmds/ltxcmds.sty
Package: ltxcmds 2020-05-10 v1.25 LaTeX kernel commands for general use (HO)
)
(/usr/share/texlive/texmf-dist/tex/generic/pdftexcmds/pdftexcmds.sty
Package: pdftexcmds 2020-06-27 v0.33 Utility functions of pdfTeX for LuaTeX (HO
)

(/usr/share/texlive/texmf-dist/tex/generic/infwarerr/infwarerr.sty
Package: infwarerr 2019/12/03 v1.5 Providing info/warning/error messages (HO)
)
Package pdftexcmds Info: \pdf@primitive is available.
Package pdftexcmds Info: \pdf@ifprimitive is available.
Package pdftexcmds Info: \pdfdraftmode found.
)
(/usr/share/texlive/texmf-dist/tex/generic/kvsetkeys/kvsetkeys.sty
Package: kvsetkeys 2019/12/15 v1.18 Key value parser (HO)
)
(/usr/share/texlive/texmf-dist/tex/generic/kvdefinekeys/kvdefinekeys.sty
Package: kvdefinekeys 2019-12-19 v1.6 Define keys (HO)
)
(/usr/share/texlive/texmf-dist/tex/generic/pdfescape/pdfescape.sty
Package: pdfescape 2019/12/09 v1.15 Implements pdfTeX's escape features (HO)
)
(/usr/share/texlive/texmf-dist/tex/latex/hycolor/hycolor.sty
Package: hycolor 2020-01-27 v1.10 Color options for hyperref/bookmark (HO)
)
(/usr/share/texlive/texmf-dist/tex/latex/letltxmacro/letltxmacro.sty
Package: letltxmacro 2019/12/03 v1.6 Let assignment for LaTeX macros (HO)
)
(/usr/share/texlive/texmf-dist/tex/latex/auxhook/auxhook.sty
Package: auxhook 2019-12-17 v1.6 Hooks for auxiliary files (HO)
)
(/usr/share/texlive/texmf-dist/tex/latex/kvoptions/kvoptions.sty
Package: kvoptions 2020-10-07 v3.14 Key value format for package options (HO)
)
\@linkdim=\dimen158
\Hy@linkcounter=\count272
\Hy@pagecounter=\count273

(/usr/share/texlive/texmf-dist/tex/latex/hyperref/pd1enc.def
File: pd1enc.def 2021-06-07 v7.00m Hyperref: PDFDocEncoding definition (HO)
Now handling font encoding PD1 ...
... no UTF-8 mapping file for font encoding PD1
)
(/usr/share/texlive/texmf-dist/tex/latex/hyperref/hyperref-langpatches.def
File: hyperref-langpatches.def 2021-06-07 v7.00m Hyperref: patches for babel la
nguages
)
(/usr/share/texlive/texmf-dist/tex/generic/intcalc/intcalc.sty
Package: intcalc 2019/12/15 v1.3 Expandable calculations with integers (HO)
)
(/usr/share/texlive/texmf-dist/tex/generic/etexcmds/etexcmds.sty
Package: etexcmds 2019/12/15 v1.7 Avoid name clashes with e-TeX commands (HO)
)
\Hy@SavedSpaceFactor=\count274

(/usr/share/texlive/texmf-dist/tex/latex/hyperref/puenc.def
File: puenc.def 2021-06-07 v7.00m Hyperref: PDF Unicode definition (HO)
Now handling font encoding PU ...
... no UTF-8 mapping file for font encoding PU
)
Package hyperref Info: Hyper figures OFF on input line 4192.
Package hyperref Info: Link nesting OFF on input line 4197.
Package hyperref Info: Hyper index ON on input line 4200.
Package hyperref Info: Plain pages OFF on input line 4207.
Package hyperref Info: Backreferencing OFF on input line 4212.
Package hyperref Info: Implicit mode ON; LaTeX internals redefined.
Package hyperref Info: Bookmarks ON on input line 4445.
\c@Hy@tempcnt=\count275

(/usr/share/texlive/texmf-dist/tex/latex/url/url.sty
\Urlmuskip=\muskip16
Package: url 2013/09/16  ver 3.4  Verb mode for urls, etc.
)
LaTeX Info: Redefining \url on input line 4804.
\XeTeXLinkMargin=\dimen159

(/usr/share/texlive/texmf-dist/tex/generic/bitset/bitset.sty
Package: bitset 2019/12/09 v1.3 Handle bit-vector datatype (HO)

(/usr/share/texlive/texmf-dist/tex/generic/bigintcalc/bigintcalc.sty
Package: bigintcalc 2019/12/15 v1.5 Expandable calculations on big integers (HO
)
))
\Fld@menulength=\count276
\Field@Width=\dimen160
\Fld@charsize=\dimen161
Package hyperref Info: Hyper figures OFF on input line 6076.
Package hyperref Info: Link nesting OFF on input line 6081.
Package hyperref Info: Hyper index ON on input line 6084.
Package hyperref Info: backreferencing OFF on input line 6091.
Package hyperref Info: Link coloring OFF on input line 6096.
Package hyperref Info: Link coloring with OCG OFF on input line 6101.
Package hyperref Info: PDF/A mode OFF on input line 6106.
LaTeX Info: Redefining \ref on input line 6146.
LaTeX Info: Redefining \pageref on input line 6150.

(/usr/share/texlive/texmf-dist/tex/latex/base/atbegshi-ltx.sty
Package: atbegshi-ltx 2021/01/10 v1.0c Emulation of the original atbegshi
package with kernel methods
)
\Hy@abspage=\count277
\c@Item=\count278
\c@Hfootnote=\count279
)
Package hyperref Info: Driver (autodetected): hpdftex.

(/usr/share/texlive/texmf-dist/tex/latex/hyperref/hpdftex.def
File: hpdftex.def 2021-06-07 v7.00m Hyperref driver for pdfTeX

(/usr/share/texlive/texmf-dist/tex/latex/base/atveryend-ltx.sty
Package: atveryend-ltx 2020/08/19 v1.0a Emulation of the original atveryend pac
kage
with kernel methods
)
\Fld@listcount=\count280
\c@bookmark@seq@number=\count281

(/usr/share/texlive/texmf-dist/tex/latex/rerunfilecheck/rerunfilecheck.sty
Package: rerunfilecheck 2019/12/05 v1.9 Rerun checks for auxiliary files (HO)

(/usr/share/texlive/texmf-dist/tex/generic/uniquecounter/uniquecounter.sty
Package: uniquecounter 2019/12/15 v1.4 Provide unlimited unique counter (HO)
)
Package uniquecounter Info: New unique counter `rerunfilecheck' on input line 2
86.
)
\Hy@SectionHShift=\skip49
)
(/usr/share/texlive/texmf-dist/tex/latex/amsfonts/amssymb.sty
Package: amssymb 2013/01/14 v3.01 AMS font symbols

(/usr/share/texlive/texmf-dist/tex/latex/amsfonts/amsfonts.sty
Package: amsfonts 2013/01/14 v3.01 Basic AMSFonts support
\@emptytoks=\toks21
\symAMSa=\mathgroup4
\symAMSb=\mathgroup5
LaTeX Font Info:    Redeclaring math symbol \hbar on input line 98.
LaTeX Font Info:    Overwriting math alphabet `\mathfrak' in version `bold'
(Font)                  U/euf/m/n --> U/euf/b/n on input line 106.
))
(/usr/share/texlive/texmf-dist/tex/latex/amsmath/amsmath.sty
Package: amsmath 2021/10/15 v2.17l AMS math features
\@mathmargin=\skip50

For additional information on amsmath, use the `?' option.
(/usr/share/texlive/texmf-dist/tex/latex/amsmath/amstext.sty
Package: amstext 2021/08/26 v2.01 AMS text

(/usr/share/texlive/texmf-dist/tex/latex/amsmath/amsgen.sty
File: amsgen.sty 1999/11/30 v2.0 generic functions
\@emptytoks=\toks22
\ex@=\dimen162
))
(/usr/share/texlive/texmf-dist/tex/latex/amsmath/amsbsy.sty
Package: amsbsy 1999/11/29 v1.2d Bold Symbols
\pmbraise@=\dimen163
)
(/usr/share/texlive/texmf-dist/tex/latex/amsmath/amsopn.sty
Package: amsopn 2021/08/26 v2.02 operator names
)
\inf@bad=\count282
LaTeX Info: Redefining \frac on input line 234.
\uproot@=\count283
\leftroot@=\count284
LaTeX Info: Redefining \overline on input line 399.
\classnum@=\count285
\DOTSCASE@=\count286
LaTeX Info: Redefining \ldots on input line 496.
LaTeX Info: Redefining \dots on input line 499.
LaTeX Info: Redefining \cdots on input line 620.
\Mathstrutbox@=\box50
\strutbox@=\box51
\big@size=\dimen164
LaTeX Font Info:    Redeclaring font encoding OML on input line 743.
LaTeX Font Info:    Redeclaring font encoding OMS on input line 744.
\macc@depth=\count287
\c@MaxMatrixCols=\count288
\dotsspace@=\muskip17
\c@parentequation=\count289
\dspbrk@lvl=\count290
\tag@help=\toks23
\row@=\count291
\column@=\count292
\maxfields@=\count293
\andhelp@=\toks24
\eqnshift@=\dimen165
\alignsep@=\dimen166
\tagshift@=\dimen167
\tagwidth@=\dimen168
\totwidth@=\dimen169
\lineht@=\dimen170
\@envbody=\toks25
\multlinegap=\skip51
\multlinetaggap=\skip52
\mathdisplay@stack=\toks26
LaTeX Info: Redefining \[ on input line 2938.
LaTeX Info: Redefining \] on input line 2939.
)
(/usr/share/texlive/texmf-dist/tex/latex/cite/cite.sty
LaTeX Info: Redefining \cite on input line 302.
LaTeX Info: Redefining \nocite on input line 332.
Package: cite 2015/02/27  v 5.5
)
(/usr/share/texlive/texmf-dist/tex/latex/pdfpages/pdfpages.sty
Package: pdfpages 2022/01/29 v0.5u Insert pages of external PDF documents (AM)

(/usr/share/texlive/texmf-dist/tex/latex/base/ifthen.sty
Package: ifthen 2020/11/24 v1.1c Standard LaTeX ifthen package (DPC)
)
(/usr/share/texlive/texmf-dist/tex/latex/tools/calc.sty
Package: calc 2017/05/25 v4.3 Infix arithmetic (KKT,FJ)
\calc@Acount=\count294
\calc@Bcount=\count295
\calc@Adimen=\dimen171
\calc@Bdimen=\dimen172
\calc@Askip=\skip53
\calc@Bskip=\skip54
LaTeX Info: Redefining \setlength on input line 80.
LaTeX Info: Redefining \addtolength on input line 81.
\calc@Ccount=\count296
\calc@Cskip=\skip55
)
(/usr/share/texlive/texmf-dist/tex/latex/eso-pic/eso-pic.sty
Package: eso-pic 2020/10/14 v3.0a eso-pic (RN)
\ESO@tempdima=\dimen173
\ESO@tempdimb=\dimen174

(/usr/share/texlive/texmf-dist/tex/latex/xcolor/xcolor.sty
Package: xcolor 2021/10/31 v2.13 LaTeX color extensions (UK)

(/usr/share/texlive/texmf-dist/tex/latex/graphics-cfg/color.cfg
File: color.cfg 2016/01/02 v1.6 sample color configuration
)
Package xcolor Info: Driver file: pdftex.def on input line 227.
Package xcolor Info: Model `cmy' substituted by `cmy0' on input line 1352.
Package xcolor Info: Model `hsb' substituted by `rgb' on input line 1356.
Package xcolor Info: Model `RGB' extended on input line 1368.
Package xcolor Info: Model `HTML' substituted by `rgb' on input line 1370.
Package xcolor Info: Model `Hsb' substituted by `hsb' on input line 1371.
Package xcolor Info: Model `tHsb' substituted by `hsb' on input line 1372.
Package xcolor Info: Model `HSB' substituted by `hsb' on input line 1373.
Package xcolor Info: Model `Gray' substituted by `gray' on input line 1374.
Package xcolor Info: Model `wave' substituted by `hsb' on input line 1375.
))
\AM@pagewidth=\dimen175
\AM@pageheight=\dimen176
\AM@fboxrule=\dimen177

(/usr/share/texlive/texmf-dist/tex/latex/pdfpages/pppdftex.def
File: pppdftex.def 2022/01/29 v0.5u Pdfpages driver for pdfTeX (AM)
)
\pdfpages@includegraphics@status=\count297
\AM@pagebox=\box52
\AM@global@opts=\toks27
\AM@pagecnt=\count298
\AM@toc@title=\toks28
\c@AM@survey=\count299
\AM@templatesizebox=\box53
)
(/usr/share/texlive/texmf-dist/tex/latex/appendix/appendix.sty
Package: appendix 2020/02/08 v1.2c extra appendix facilities
\c@@pps=\count300
\c@@ppsavesec=\count301
\c@@ppsaveapp=\count302
)
(/usr/share/texlive/texmf-dist/tex/latex/l3backend/l3backend-pdftex.def
File: l3backend-pdftex.def 2022-01-12 L3 backend support: PDF output (pdfTeX)
\l__color_backend_stack_int=\count303
\l__pdf_internal_box=\box54
)
(./main.aux

LaTeX Warning: Label `fig1.3' multiply defined.

)
\openout1 = `main.aux'.

LaTeX Font Info:    Checking defaults for OML/cmm/m/it on input line 25.
LaTeX Font Info:    ... okay on input line 25.
LaTeX Font Info:    Checking defaults for OMS/cmsy/m/n on input line 25.
LaTeX Font Info:    ... okay on input line 25.
LaTeX Font Info:    Checking defaults for OT1/cmr/m/n on input line 25.
LaTeX Font Info:    ... okay on input line 25.
LaTeX Font Info:    Checking defaults for T1/cmr/m/n on input line 25.
LaTeX Font Info:    ... okay on input line 25.
LaTeX Font Info:    Checking defaults for TS1/cmr/m/n on input line 25.
LaTeX Font Info:    ... okay on input line 25.
LaTeX Font Info:    Checking defaults for OMX/cmex/m/n on input line 25.
LaTeX Font Info:    ... okay on input line 25.
LaTeX Font Info:    Checking defaults for U/cmr/m/n on input line 25.
LaTeX Font Info:    ... okay on input line 25.
LaTeX Font Info:    Checking defaults for PD1/pdf/m/n on input line 25.
LaTeX Font Info:    ... okay on input line 25.
LaTeX Font Info:    Checking defaults for PU/pdf/m/n on input line 25.
LaTeX Font Info:    ... okay on input line 25.
LaTeX Info: Redefining \degres on input line 25.
LaTeX Info: Redefining \up on input line 25.
 (/usr/share/texlive/texmf-dist/tex/context/base/mkii/supp-pdf.mkii
[Loading MPS to PDF converter (version 2006.09.02).]
\scratchcounter=\count304
\scratchdimen=\dimen178
\scratchbox=\box55
\nofMPsegments=\count305
\nofMParguments=\count306
\everyMPshowfont=\toks29
\MPscratchCnt=\count307
\MPscratchDim=\dimen179
\MPnumerator=\count308
\makeMPintoPDFobject=\count309
\everyMPtoPDFconversion=\toks30
) (/usr/share/texlive/texmf-dist/tex/latex/epstopdf-pkg/epstopdf-base.sty
Package: epstopdf-base 2020-01-24 v2.11 Base part for package epstopdf
Package epstopdf-base Info: Redefining graphics rule for `.eps' on input line 4
85.

(/usr/share/texlive/texmf-dist/tex/latex/latexconfig/epstopdf-sys.cfg
File: epstopdf-sys.cfg 2010/07/13 v1.3 Configuration of (r)epstopdf for TeX Liv
e
))
*geometry* driver: auto-detecting
*geometry* detected driver: pdftex
*geometry* verbose mode - [ preamble ] result:
* driver: pdftex
* paper: <default>
* layout: <same size as paper>
* layoutoffset:(h,v)=(0.0pt,0.0pt)
* modes: 
* h-part:(L,W,R)=(71.13188pt, 472.03123pt, 71.13188pt)
* v-part:(T,H,B)=(71.13188pt, 652.70622pt, 71.13188pt)
* \paperwidth=614.295pt
* \paperheight=794.96999pt
* \textwidth=472.03123pt
* \textheight=652.70622pt
* \oddsidemargin=-1.1381pt
* \evensidemargin=-1.1381pt
* \topmargin=-38.1381pt
* \headheight=12.0pt
* \headsep=25.0pt
* \topskip=12.0pt
* \footskip=30.0pt
* \marginparwidth=44.0pt
* \marginparsep=10.0pt
* \columnsep=10.0pt
* \skip\footins=10.8pt plus 4.0pt minus 2.0pt
* \hoffset=0.0pt
* \voffset=0.0pt
* \mag=1000
* \@twocolumnfalse
* \@twosidefalse
* \@mparswitchfalse
* \@reversemarginfalse
* (1in=72.27pt=25.4mm, 1cm=28.453pt)

Package hyperref Info: Link coloring OFF on input line 25.
(/usr/share/texlive/texmf-dist/tex/latex/hyperref/nameref.sty
Package: nameref 2021-04-02 v2.47 Cross-referencing by name of section

(/usr/share/texlive/texmf-dist/tex/latex/refcount/refcount.sty
Package: refcount 2019/12/15 v3.6 Data extraction from label references (HO)
)
(/usr/share/texlive/texmf-dist/tex/generic/gettitlestring/gettitlestring.sty
Package: gettitlestring 2019/12/15 v1.6 Cleanup title references (HO)
)
\c@section@level=\count310
)
LaTeX Info: Redefining \ref on input line 25.
LaTeX Info: Redefining \pageref on input line 25.
LaTeX Info: Redefining \nameref on input line 25.

(./main.out) (./main.out)
\@outlinefile=\write3
\openout3 = `main.out'.


(/usr/share/texlive/texmf-dist/tex/latex/pdflscape/pdflscape.sty
Package: pdflscape 2019/12/05 v0.12 Display of landscape pages in PDF (HO)

(/usr/share/texlive/texmf-dist/tex/latex/graphics/lscape.sty
Package: lscape 2020/05/28 v3.02 Landscape Pages (DPC)
)
Package pdflscape Info: Auto-detected driver: pdftex on input line 81.
)
LaTeX Font Info:    Trying to load font information for U+msa on input line 66.


(/usr/share/texlive/texmf-dist/tex/latex/amsfonts/umsa.fd
File: umsa.fd 2013/01/14 v3.01 AMS symbols A
)
LaTeX Font Info:    Trying to load font information for U+msb on input line 66.


(/usr/share/texlive/texmf-dist/tex/latex/amsfonts/umsb.fd
File: umsb.fd 2013/01/14 v3.01 AMS symbols B
)
<logos.png, id=140, 778.91pt x 289.08pt>
File: logos.png Graphic file (type png)
<use logos.png>
Package pdftex.def Info: logos.png  used on input line 92.
(pdftex.def)             Requested size: 283.22162pt x 105.10971pt.
 [1

{/var/lib/texmf/fonts/map/pdftex/updmap/pdftex.map} <./logos.png>] (./Resume.te
x)
(./Remerciements.texpdfTeX warning (ext4): destination with the same identifier
 (name{page.1}) has been already used, duplicate ignored
<to be read again> 
                   \relax 
l.1 \chapter
            *{Remerciements} [1

]) [2

] (./main.toc [3

])
\tf@toc=\write4
\openout4 = `main.toc'.

 (./Intro.tex [4]
<OrganigrameDISC.png, id=213, 796.77675pt x 448.43535pt>
File: OrganigrameDISC.png Graphic file (type png)
<use OrganigrameDISC.png>
Package pdftex.def Info: OrganigrameDISC.png  used on input line 12.
(pdftex.def)             Requested size: 369.88582pt x 208.17815pt.


LaTeX Warning: Reference `0.2' on page 5 undefined on input line 22.

[5

]
<schema_algorithme.png, id=222, 1073.00874pt x 501.875pt>
File: schema_algorithme.png Graphic file (type png)
<use schema_algorithme.png>
Package pdftex.def Info: schema_algorithme.png  used on input line 26.
(pdftex.def)             Requested size: 483.69684pt x 226.23221pt.

Overfull \hbox (11.6656pt too wide) in paragraph at lines 26--27
 [][] 
 []

[6 <./OrganigrameDISC.png>] [7 <./schema_algorithme.png>]) (./Chapitre1.tex
[8]
Chapitre 1.
<activation_neurones.png, id=243, 1476.51625pt x 430.60875pt>
File: activation_neurones.png Graphic file (type png)
<use activation_neurones.png>
Package pdftex.def Info: activation_neurones.png  used on input line 11.
(pdftex.def)             Requested size: 341.43306pt x 99.57013pt.
[9

]
<techniques_enregistrement.png, id=255, 1354.05875pt x 809.0225pt>
File: techniques_enregistrement.png Graphic file (type png)
<use techniques_enregistrement.png>
Package pdftex.def Info: techniques_enregistrement.png  used on input line 34.
(pdftex.def)             Requested size: 341.43306pt x 203.99573pt.
 [10 <./activation_neurones.png>]
<fonctionnement_meg.png, id=269, 699.61375pt x 734.745pt>
File: fonctionnement_meg.png Graphic file (type png)
<use fonctionnement_meg.png>
Package pdftex.def Info: fonctionnement_meg.png  used on input line 50.
(pdftex.def)             Requested size: 426.79134pt x 448.22742pt.


LaTeX Warning: Reference `fig1.4' on page 11 undefined on input line 57.

<illustration_meg.png, id=272, 1026.83624pt x 897.3525pt>
File: illustration_meg.png Graphic file (type png)
<use illustration_meg.png>
Package pdftex.def Info: illustration_meg.png  used on input line 61.
(pdftex.def)             Requested size: 426.79134pt x 372.96942pt.
) (./Chapitre2.tex [11 <./techniques_enregistrement.png>] [12 <./fonctionnement
_meg.png>] [13 <./illustration_meg.png>]
Chapitre 2.
<orga_dataset.png, id=297, 788.9475pt x 359.3425pt>
File: orga_dataset.png Graphic file (type png)
<use orga_dataset.png>
Package pdftex.def Info: orga_dataset.png  used on input line 14.
(pdftex.def)             Requested size: 284.52756pt x 129.59349pt.
[14

 <./orga_dataset.png>]
<stimuli.png, id=306, 1516.66624pt x 308.15125pt>
File: stimuli.png Graphic file (type png)
<use stimuli.png>
Package pdftex.def Info: stimuli.png  used on input line 38.
(pdftex.def)             Requested size: 569.05511pt x 115.61755pt.

Overfull \hbox (97.02388pt too wide) in paragraph at lines 38--39
 [][] 
 []

<events_id.png, id=309, 1422.31375pt x 810.02625pt>
File: events_id.png Graphic file (type png)
<use events_id.png>
Package pdftex.def Info: events_id.png  used on input line 57.
(pdftex.def)             Requested size: 569.05511pt x 324.09128pt.

Overfull \hbox (97.02388pt too wide) in paragraph at lines 57--58
 [][] 
 []

[15 <./stimuli.png>]) (./Chapitre3.tex [16 <./events_id.png>]
Chapitre 3.
<raw_info.png, id=332, 1401.235pt x 381.425pt>
File: raw_info.png Graphic file (type png)
<use raw_info.png>
Package pdftex.def Info: raw_info.png  used on input line 15.
(pdftex.def)             Requested size: 455.24408pt x 123.92091pt.
<schema_pre_traitement.png, id=334, 884.30376pt x 96.36pt>
File: schema_pre_traitement.png Graphic file (type png)
<use schema_pre_traitement.png>
Package pdftex.def Info: schema_pre_traitement.png  used on input line 25.
(pdftex.def)             Requested size: 426.79134pt x 46.50662pt.
[17

]
<series_temporelles_effet_hp.png, id=343, 1632.0975pt x 795.97375pt>
File: series_temporelles_effet_hp.png Graphic file (type png)
<use series_temporelles_effet_hp.png>
Package pdftex.def Info: series_temporelles_effet_hp.png  used on input line 46
.
(pdftex.def)             Requested size: 369.88582pt x 180.38594pt.
 [18 <./raw_info.png> <./schema_pre_traitement.png>]
<spectre_effet_coupe_bande.png, id=357, 1014.79124pt x 605.26125pt>
File: spectre_effet_coupe_bande.png Graphic file (type png)
<use spectre_effet_coupe_bande.png>
Package pdftex.def Info: spectre_effet_coupe_bande.png  used on input line 66.
(pdftex.def)             Requested size: 369.88582pt x 220.60912pt.
 [19 <./series_temporelles_effet_hp.png>] [20 <./spectre_effet_coupe_bande.png>
]
<events_vis.png, id=374, 549.252pt x 312.2064pt>
File: events_vis.png Graphic file (type png)
<use events_vis.png>
Package pdftex.def Info: events_vis.png  used on input line 84.
(pdftex.def)             Requested size: 483.69684pt x 274.94257pt.

Overfull \hbox (11.6656pt too wide) in paragraph at lines 84--85
 [][] 
 []

[21 <./events_vis.png>]
<events_temporel.png, id=381, 582.4962pt x 581.0508pt>
File: events_temporel.png Graphic file (type png)
<use events_temporel.png>
Package pdftex.def Info: events_temporel.png  used on input line 103.
(pdftex.def)             Requested size: 369.88582pt x 368.98088pt.
) (./Chapitre4.tex [22 <./events_temporel.png>]
Chapitre 4.
[23

]
<representation_symbolique.png, id=398, 390.45876pt x 263.98625pt>
File: representation_symbolique.png Graphic file (type png)
<use representation_symbolique.png>
Package pdftex.def Info: representation_symbolique.png  used on input line 19.
(pdftex.def)             Requested size: 227.62204pt x 153.89357pt.
 [24 <./representation_symbolique.png>]
<partition_serie_temporelle.png, id=407, 869.2475pt x 525.965pt>
File: partition_serie_temporelle.png Graphic file (type png)
<use partition_serie_temporelle.png>
Package pdftex.def Info: partition_serie_temporelle.png  used on input line 37.

(pdftex.def)             Requested size: 369.88582pt x 223.81706pt.
 [25 <./partition_serie_temporelle.png>]
<30vp.png, id=418, 401.8212pt x 309.3156pt>
File: 30vp.png Graphic file (type png)
<use 30vp.png>
Package pdftex.def Info: 30vp.png  used on input line 68.
(pdftex.def)             Requested size: 256.0748pt x 197.1259pt.
 [26 <./30vp.png>]
<representation_espace_des_phases.png, id=431, 291.2481pt x 289.8027pt>
File: representation_espace_des_phases.png Graphic file (type png)
<use representation_espace_des_phases.png>
Package pdftex.def Info: representation_espace_des_phases.png  used on input li
ne 84.
(pdftex.def)             Requested size: 256.0748pt x 254.82817pt.
 [27 <./representation_espace_des_phases.png>]
<exemple_entropie.png, id=442, 499.3857pt x 379.4175pt>
File: exemple_entropie.png Graphic file (type png)
<use exemple_entropie.png>
Package pdftex.def Info: exemple_entropie.png  used on input line 122.
(pdftex.def)             Requested size: 256.0748pt x 194.55983pt.
 [28]
[29 <./exemple_entropie.png>] [30] [31]) (./Chapitre5.tex [32]
Chapitre 5.
<arborescence.png, id=514, 230.8625pt x 429.605pt>
File: arborescence.png Graphic file (type png)
<use arborescence.png>
Package pdftex.def Info: arborescence.png  used on input line 23.
(pdftex.def)             Requested size: 113.81102pt x 211.78656pt.
[33

] [34 <./arborescence.png>] [35]
<exemple_doctest.png, id=537, 1072.005pt x 870.25125pt>
File: exemple_doctest.png Graphic file (type png)
<use exemple_doctest.png>
Package pdftex.def Info: exemple_doctest.png  used on input line 63.
(pdftex.def)             Requested size: 369.88582pt x 300.26357pt.
) (./Chapitre6.tex [36 <./exemple_doctest.png>] [37]
Chapitre 6.
[38

]
<Targetword_vs_Individualword.png, id=554, 416.2752pt x 314.3745pt>
File: Targetword_vs_Individualword.png Graphic file (type png)
<use Targetword_vs_Individualword.png>
Package pdftex.def Info: Targetword_vs_Individualword.png  used on input line 2
4.
(pdftex.def)             Requested size: 284.52756pt x 214.88951pt.
<Phrases_vs_Listes_aleatoires.png, id=555, 409.7709pt x 314.3745pt>
File: Phrases_vs_Listes_aleatoires.png Graphic file (type png)
<use Phrases_vs_Listes_aleatoires.png>
Package pdftex.def Info: Phrases_vs_Listes_aleatoires.png  used on input line 3
5.
(pdftex.def)             Requested size: 284.52756pt x 218.29535pt.
<visuelle_vs_auditive.png, id=556, 416.2752pt x 314.3745pt>
File: visuelle_vs_auditive.png Graphic file (type png)
<use visuelle_vs_auditive.png>
Package pdftex.def Info: visuelle_vs_auditive.png  used on input line 46.
(pdftex.def)             Requested size: 284.52756pt x 214.88951pt.
 [39 <./Targetword_vs_Individualword.png>] [40 <./Phrases_vs_Listes_aleatoires.
png> <./visuelle_vs_auditive.png>]
<p_value_significative.png, id=571, 843.3909pt x 314.3745pt>
File: p_value_significative.png Graphic file (type png)
<use p_value_significative.png>
Package pdftex.def Info: p_value_significative.png  used on input line 57.
(pdftex.def)             Requested size: 426.79134pt x 159.08644pt.
) (./Conclusion.tex [41 <./p_value_significative.png>]) (./main.bbl [42

] [43

]) [44] [45

] (./Annexe.tex
<illustration_partition.png, id=600, 418.56375pt x 257.96375pt>
File: illustration_partition.png Graphic file (type png)
<use illustration_partition.png>
Package pdftex.def Info: illustration_partition.png  used on input line 13.
(pdftex.def)             Requested size: 284.52756pt x 175.35397pt.
 [46 <./illustration_partition.png>]
Overfull \hbox (5.03723pt too wide) in paragraph at lines 62--63
[]\T1/cmr/m/n/12 A ce stade et pour la suite, il nous faut in-tro-duire une dé-
fi-ni-tion. Il est dit que $\OT1/cmr/m/n/12 (
[]\OML/cmm/m/it/12 ; \OMS/cmsy/m/n/12 B[]\OML/cmm/m/it/12 ; ^^V[]; f[]\OT1/cmr/
m/n/12 )$
 []


Overfull \hbox (4.98807pt too wide) detected at line 75
[][]\OML/cmm/m/it/12 H[]\OT1/cmr/m/n/12 ([] \OML/cmm/m/it/12 f[]\OT1/cmr/m/n/1
2 ) = [] \OML/cmm/m/it/12 ^^V\OT1/cmr/m/n/12 (\OML/cmm/m/it/12 A[] \OMS/cmsy/m/
n/12 \ \OML/cmm/m/it/12 f[]A[] \OMS/cmsy/m/n/12 \ \OML/cmm/m/it/12 ::: \OMS/cms
y/m/n/12 \ \OML/cmm/m/it/12 f[]A[]\OT1/cmr/m/n/12 )\OML/cmm/m/it/12 log^^V\OT1/
cmr/m/n/12 (\OML/cmm/m/it/12 A[] \OMS/cmsy/m/n/12 \ \OML/cmm/m/it/12 f[]A[] \OM
S/cmsy/m/n/12 \ \OML/cmm/m/it/12 ::: \OMS/cmsy/m/n/12 \ \OML/cmm/m/it/12 f[]A[]
\OT1/cmr/m/n/12 )
 []

[47]
Overfull \hbox (24.57193pt too wide) in paragraph at lines 99--102
[]\T1/cmr/m/n/12 L'opérateur de dé-ca-lage $\OML/cmm/m/it/12 ^^[ \OT1/cmr/m/n/1
2 : (\OML/cmm/m/it/12 z[]\OT1/cmr/m/n/12 )[] [][]\OMS/cmsy/m/n/12 ! \OT1/cmr/m/
n/12 (\OML/cmm/m/it/12 z[]\OT1/cmr/m/n/12 )[]$ \T1/cmr/m/n/12 sur l'es-pace de 
pro-ba-bi-lité $\OT1/cmr/m/n/12 ([]\OMS/cmsy/m/n/12 g[]\OML/cmm/m/it/12 ; \OMS/
cmsy/m/n/12 C\OML/cmm/m/it/12 ; m\OT1/cmr/m/n/12 )$
 []

[48]
Overfull \hbox (101.80847pt too wide) detected at line 125
[][]\OML/cmm/m/it/12 Pr [] \OT1/cmr/m/n/12 = \OML/cmm/m/it/12 ^^V [] \OT1/cmr/m
/n/12 = \OML/cmm/m/it/12 ^^V []
 []

[49])
<scikits-symbolic.pdf, id=643, 614.295pt x 794.97pt>
File: scikits-symbolic.pdf Graphic file (type pdf)
<use scikits-symbolic.pdf>
Package pdftex.def Info: scikits-symbolic.pdf  used on input line 126.
(pdftex.def)             Requested size: 614.29349pt x 794.96806pt.
File: scikits-symbolic.pdf Graphic file (type pdf)
<use scikits-symbolic.pdf>
Package pdftex.def Info: scikits-symbolic.pdf  used on input line 126.
(pdftex.def)             Requested size: 614.29349pt x 794.96806pt.
File: scikits-symbolic.pdf Graphic file (type pdf)
<use scikits-symbolic.pdf>
Package pdftex.def Info: scikits-symbolic.pdf  used on input line 126.
(pdftex.def)             Requested size: 614.29349pt x 794.96806pt.
<scikits-symbolic.pdf, id=647, page=1, 614.295pt x 794.97pt>
File: scikits-symbolic.pdf Graphic file (type pdf)
<use scikits-symbolic.pdf, page 1>
Package pdftex.def Info: scikits-symbolic.pdf , page1 used on input line 126.
(pdftex.def)             Requested size: 614.29349pt x 794.96806pt.
File: scikits-symbolic.pdf Graphic file (type pdf)
<use scikits-symbolic.pdf, page 1>
Package pdftex.def Info: scikits-symbolic.pdf , page1 used on input line 126.
(pdftex.def)             Requested size: 614.58406pt x 795.3441pt.
 [50]
File: scikits-symbolic.pdf Graphic file (type pdf)
<use scikits-symbolic.pdf, page 1>
Package pdftex.def Info: scikits-symbolic.pdf , page1 used on input line 126.
(pdftex.def)             Requested size: 614.58406pt x 795.3441pt.
File: scikits-symbolic.pdf Graphic file (type pdf)
<use scikits-symbolic.pdf, page 1>
Package pdftex.def Info: scikits-symbolic.pdf , page1 used on input line 126.
(pdftex.def)             Requested size: 614.58406pt x 795.3441pt.
File: scikits-symbolic.pdf Graphic file (type pdf)
<use scikits-symbolic.pdf, page 1>
Package pdftex.def Info: scikits-symbolic.pdf , page1 used on input line 126.
(pdftex.def)             Requested size: 614.58406pt x 795.3441pt.
 [51 <./scikits-symbolic.pdf>]
<scikits-symbolic.pdf, id=671, page=7, 614.295pt x 794.97pt>
File: scikits-symbolic.pdf Graphic file (type pdf)
<use scikits-symbolic.pdf, page 7>
Package pdftex.def Info: scikits-symbolic.pdf , page7 used on input line 126.
(pdftex.def)             Requested size: 614.58406pt x 795.3441pt.
File: scikits-symbolic.pdf Graphic file (type pdf)
<use scikits-symbolic.pdf, page 7>
Package pdftex.def Info: scikits-symbolic.pdf , page7 used on input line 126.
(pdftex.def)             Requested size: 614.58406pt x 795.3441pt.
File: scikits-symbolic.pdf Graphic file (type pdf)
<use scikits-symbolic.pdf, page 7>
Package pdftex.def Info: scikits-symbolic.pdf , page7 used on input line 126.
(pdftex.def)             Requested size: 614.58406pt x 795.3441pt.
 [52 <./scikits-symbolic.pdf>]
<scikits-symbolic.pdf, id=720, page=8, 614.295pt x 794.97pt>
File: scikits-symbolic.pdf Graphic file (type pdf)
<use scikits-symbolic.pdf, page 8>
Package pdftex.def Info: scikits-symbolic.pdf , page8 used on input line 126.
(pdftex.def)             Requested size: 614.58406pt x 795.3441pt.
File: scikits-symbolic.pdf Graphic file (type pdf)
<use scikits-symbolic.pdf, page 8>
Package pdftex.def Info: scikits-symbolic.pdf , page8 used on input line 126.
(pdftex.def)             Requested size: 614.58406pt x 795.3441pt.
File: scikits-symbolic.pdf Graphic file (type pdf)
<use scikits-symbolic.pdf, page 8>
Package pdftex.def Info: scikits-symbolic.pdf , page8 used on input line 126.
(pdftex.def)             Requested size: 614.58406pt x 795.3441pt.
 [53 <./scikits-symbolic.pdf>]
<scikits-symbolic.pdf, id=730, page=9, 614.295pt x 794.97pt>
File: scikits-symbolic.pdf Graphic file (type pdf)
<use scikits-symbolic.pdf, page 9>
Package pdftex.def Info: scikits-symbolic.pdf , page9 used on input line 126.
(pdftex.def)             Requested size: 614.58406pt x 795.3441pt.
File: scikits-symbolic.pdf Graphic file (type pdf)
<use scikits-symbolic.pdf, page 9>
Package pdftex.def Info: scikits-symbolic.pdf , page9 used on input line 126.
(pdftex.def)             Requested size: 614.58406pt x 795.3441pt.
File: scikits-symbolic.pdf Graphic file (type pdf)
<use scikits-symbolic.pdf, page 9>
Package pdftex.def Info: scikits-symbolic.pdf , page9 used on input line 126.
(pdftex.def)             Requested size: 614.58406pt x 795.3441pt.
 [54 <./scikits-symbolic.pdf>]
<scikits-symbolic.pdf, id=736, page=10, 614.295pt x 794.97pt>
File: scikits-symbolic.pdf Graphic file (type pdf)
<use scikits-symbolic.pdf, page 10>
Package pdftex.def Info: scikits-symbolic.pdf , page10 used on input line 126.
(pdftex.def)             Requested size: 614.58406pt x 795.3441pt.
File: scikits-symbolic.pdf Graphic file (type pdf)
<use scikits-symbolic.pdf, page 10>
Package pdftex.def Info: scikits-symbolic.pdf , page10 used on input line 126.
(pdftex.def)             Requested size: 614.58406pt x 795.3441pt.
File: scikits-symbolic.pdf Graphic file (type pdf)
<use scikits-symbolic.pdf, page 10>
Package pdftex.def Info: scikits-symbolic.pdf , page10 used on input line 126.
(pdftex.def)             Requested size: 614.58406pt x 795.3441pt.
 [55 <./scikits-symbolic.pdf>]
<scikits-symbolic.pdf, id=741, page=11, 614.295pt x 794.97pt>
File: scikits-symbolic.pdf Graphic file (type pdf)
<use scikits-symbolic.pdf, page 11>
Package pdftex.def Info: scikits-symbolic.pdf , page11 used on input line 126.
(pdftex.def)             Requested size: 614.58406pt x 795.3441pt.
File: scikits-symbolic.pdf Graphic file (type pdf)
<use scikits-symbolic.pdf, page 11>
Package pdftex.def Info: scikits-symbolic.pdf , page11 used on input line 126.
(pdftex.def)             Requested size: 614.58406pt x 795.3441pt.
File: scikits-symbolic.pdf Graphic file (type pdf)
<use scikits-symbolic.pdf, page 11>
Package pdftex.def Info: scikits-symbolic.pdf , page11 used on input line 126.
(pdftex.def)             Requested size: 614.58406pt x 795.3441pt.
 [56 <./scikits-symbolic.pdf>]
<scikits-symbolic.pdf, id=765, page=12, 614.295pt x 794.97pt>
File: scikits-symbolic.pdf Graphic file (type pdf)
<use scikits-symbolic.pdf, page 12>
Package pdftex.def Info: scikits-symbolic.pdf , page12 used on input line 126.
(pdftex.def)             Requested size: 614.58406pt x 795.3441pt.
File: scikits-symbolic.pdf Graphic file (type pdf)
<use scikits-symbolic.pdf, page 12>
Package pdftex.def Info: scikits-symbolic.pdf , page12 used on input line 126.
(pdftex.def)             Requested size: 614.58406pt x 795.3441pt.
File: scikits-symbolic.pdf Graphic file (type pdf)
<use scikits-symbolic.pdf, page 12>
Package pdftex.def Info: scikits-symbolic.pdf , page12 used on input line 126.
(pdftex.def)             Requested size: 614.58406pt x 795.3441pt.
 [57 <./scikits-symbolic.pdf>]
<scikits-symbolic.pdf, id=770, page=13, 614.295pt x 794.97pt>
File: scikits-symbolic.pdf Graphic file (type pdf)
<use scikits-symbolic.pdf, page 13>
Package pdftex.def Info: scikits-symbolic.pdf , page13 used on input line 126.
(pdftex.def)             Requested size: 614.58406pt x 795.3441pt.
File: scikits-symbolic.pdf Graphic file (type pdf)
<use scikits-symbolic.pdf, page 13>
Package pdftex.def Info: scikits-symbolic.pdf , page13 used on input line 126.
(pdftex.def)             Requested size: 614.58406pt x 795.3441pt.
File: scikits-symbolic.pdf Graphic file (type pdf)
<use scikits-symbolic.pdf, page 13>
Package pdftex.def Info: scikits-symbolic.pdf , page13 used on input line 126.
(pdftex.def)             Requested size: 614.58406pt x 795.3441pt.
 [58 <./scikits-symbolic.pdf>]
<scikits-symbolic.pdf, id=775, page=14, 614.295pt x 794.97pt>
File: scikits-symbolic.pdf Graphic file (type pdf)
<use scikits-symbolic.pdf, page 14>
Package pdftex.def Info: scikits-symbolic.pdf , page14 used on input line 126.
(pdftex.def)             Requested size: 614.58406pt x 795.3441pt.
File: scikits-symbolic.pdf Graphic file (type pdf)
<use scikits-symbolic.pdf, page 14>
Package pdftex.def Info: scikits-symbolic.pdf , page14 used on input line 126.
(pdftex.def)             Requested size: 614.58406pt x 795.3441pt.
File: scikits-symbolic.pdf Graphic file (type pdf)
<use scikits-symbolic.pdf, page 14>
Package pdftex.def Info: scikits-symbolic.pdf , page14 used on input line 126.
(pdftex.def)             Requested size: 614.58406pt x 795.3441pt.
 [59 <./scikits-symbolic.pdf>]
<scikits-symbolic.pdf, id=780, page=15, 614.295pt x 794.97pt>
File: scikits-symbolic.pdf Graphic file (type pdf)
<use scikits-symbolic.pdf, page 15>
Package pdftex.def Info: scikits-symbolic.pdf , page15 used on input line 126.
(pdftex.def)             Requested size: 614.58406pt x 795.3441pt.
File: scikits-symbolic.pdf Graphic file (type pdf)
<use scikits-symbolic.pdf, page 15>
Package pdftex.def Info: scikits-symbolic.pdf , page15 used on input line 126.
(pdftex.def)             Requested size: 614.58406pt x 795.3441pt.
File: scikits-symbolic.pdf Graphic file (type pdf)
<use scikits-symbolic.pdf, page 15>
Package pdftex.def Info: scikits-symbolic.pdf , page15 used on input line 126.
(pdftex.def)             Requested size: 614.58406pt x 795.3441pt.
 [60 <./scikits-symbolic.pdf>]
<scikits-symbolic.pdf, id=786, page=16, 614.295pt x 794.97pt>
File: scikits-symbolic.pdf Graphic file (type pdf)
<use scikits-symbolic.pdf, page 16>
Package pdftex.def Info: scikits-symbolic.pdf , page16 used on input line 126.
(pdftex.def)             Requested size: 614.58406pt x 795.3441pt.
File: scikits-symbolic.pdf Graphic file (type pdf)
<use scikits-symbolic.pdf, page 16>
Package pdftex.def Info: scikits-symbolic.pdf , page16 used on input line 126.
(pdftex.def)             Requested size: 614.58406pt x 795.3441pt.
File: scikits-symbolic.pdf Graphic file (type pdf)
<use scikits-symbolic.pdf, page 16>
Package pdftex.def Info: scikits-symbolic.pdf , page16 used on input line 126.
(pdftex.def)             Requested size: 614.58406pt x 795.3441pt.

[61 <./scikits-symbolic.pdf>]
<scikits-symbolic.pdf, id=791, page=17, 614.295pt x 794.97pt>
File: scikits-symbolic.pdf Graphic file (type pdf)
<use scikits-symbolic.pdf, page 17>
Package pdftex.def Info: scikits-symbolic.pdf , page17 used on input line 126.
(pdftex.def)             Requested size: 614.58406pt x 795.3441pt.
File: scikits-symbolic.pdf Graphic file (type pdf)
<use scikits-symbolic.pdf, page 17>
Package pdftex.def Info: scikits-symbolic.pdf , page17 used on input line 126.
(pdftex.def)             Requested size: 614.58406pt x 795.3441pt.
File: scikits-symbolic.pdf Graphic file (type pdf)
<use scikits-symbolic.pdf, page 17>
Package pdftex.def Info: scikits-symbolic.pdf , page17 used on input line 126.
(pdftex.def)             Requested size: 614.58406pt x 795.3441pt.
 [62 <./scikits-symbolic.pdf>]
<scikits-symbolic.pdf, id=796, page=18, 614.295pt x 794.97pt>
File: scikits-symbolic.pdf Graphic file (type pdf)
<use scikits-symbolic.pdf, page 18>
Package pdftex.def Info: scikits-symbolic.pdf , page18 used on input line 126.
(pdftex.def)             Requested size: 614.58406pt x 795.3441pt.
File: scikits-symbolic.pdf Graphic file (type pdf)
<use scikits-symbolic.pdf, page 18>
Package pdftex.def Info: scikits-symbolic.pdf , page18 used on input line 126.
(pdftex.def)             Requested size: 614.58406pt x 795.3441pt.
File: scikits-symbolic.pdf Graphic file (type pdf)
<use scikits-symbolic.pdf, page 18>
Package pdftex.def Info: scikits-symbolic.pdf , page18 used on input line 126.
(pdftex.def)             Requested size: 614.58406pt x 795.3441pt.
 [63 <./scikits-symbolic.pdf>]
<scikits-symbolic.pdf, id=801, page=19, 614.295pt x 794.97pt>
File: scikits-symbolic.pdf Graphic file (type pdf)
<use scikits-symbolic.pdf, page 19>
Package pdftex.def Info: scikits-symbolic.pdf , page19 used on input line 126.
(pdftex.def)             Requested size: 614.58406pt x 795.3441pt.
File: scikits-symbolic.pdf Graphic file (type pdf)
<use scikits-symbolic.pdf, page 19>
Package pdftex.def Info: scikits-symbolic.pdf , page19 used on input line 126.
(pdftex.def)             Requested size: 614.58406pt x 795.3441pt.
File: scikits-symbolic.pdf Graphic file (type pdf)
<use scikits-symbolic.pdf, page 19>
Package pdftex.def Info: scikits-symbolic.pdf , page19 used on input line 126.
(pdftex.def)             Requested size: 614.58406pt x 795.3441pt.
 [64 <./scikits-symbolic.pdf>]
<scikits-symbolic.pdf, id=806, page=20, 614.295pt x 794.97pt>
File: scikits-symbolic.pdf Graphic file (type pdf)
<use scikits-symbolic.pdf, page 20>
Package pdftex.def Info: scikits-symbolic.pdf , page20 used on input line 126.
(pdftex.def)             Requested size: 614.58406pt x 795.3441pt.
File: scikits-symbolic.pdf Graphic file (type pdf)
<use scikits-symbolic.pdf, page 20>
Package pdftex.def Info: scikits-symbolic.pdf , page20 used on input line 126.
(pdftex.def)             Requested size: 614.58406pt x 795.3441pt.
File: scikits-symbolic.pdf Graphic file (type pdf)
<use scikits-symbolic.pdf, page 20>
Package pdftex.def Info: scikits-symbolic.pdf , page20 used on input line 126.
(pdftex.def)             Requested size: 614.58406pt x 795.3441pt.
 [65 <./scikits-symbolic.pdf>]
<scikits-symbolic.pdf, id=811, page=21, 614.295pt x 794.97pt>
File: scikits-symbolic.pdf Graphic file (type pdf)
<use scikits-symbolic.pdf, page 21>
Package pdftex.def Info: scikits-symbolic.pdf , page21 used on input line 126.
(pdftex.def)             Requested size: 614.58406pt x 795.3441pt.
File: scikits-symbolic.pdf Graphic file (type pdf)
<use scikits-symbolic.pdf, page 21>
Package pdftex.def Info: scikits-symbolic.pdf , page21 used on input line 126.
(pdftex.def)             Requested size: 614.58406pt x 795.3441pt.
File: scikits-symbolic.pdf Graphic file (type pdf)
<use scikits-symbolic.pdf, page 21>
Package pdftex.def Info: scikits-symbolic.pdf , page21 used on input line 126.
(pdftex.def)             Requested size: 614.58406pt x 795.3441pt.
 [66 <./scikits-symbolic.pdf>]
<scikits-symbolic.pdf, id=822, page=22, 614.295pt x 794.97pt>
File: scikits-symbolic.pdf Graphic file (type pdf)
<use scikits-symbolic.pdf, page 22>
Package pdftex.def Info: scikits-symbolic.pdf , page22 used on input line 126.
(pdftex.def)             Requested size: 614.58406pt x 795.3441pt.
File: scikits-symbolic.pdf Graphic file (type pdf)
<use scikits-symbolic.pdf, page 22>
Package pdftex.def Info: scikits-symbolic.pdf , page22 used on input line 126.
(pdftex.def)             Requested size: 614.58406pt x 795.3441pt.
File: scikits-symbolic.pdf Graphic file (type pdf)
<use scikits-symbolic.pdf, page 22>
Package pdftex.def Info: scikits-symbolic.pdf , page22 used on input line 126.
(pdftex.def)             Requested size: 614.58406pt x 795.3441pt.
 [67 <./scikits-symbolic.pdf>] (./main.aux)

LaTeX Warning: There were undefined references.


LaTeX Warning: There were multiply-defined labels.

Package rerunfilecheck Info: File `main.out' has not changed.
(rerunfilecheck)             Checksum: 5CFB51864A077696AE3B95C4CB608D24;6760.
 ) 
Here is how much of TeX's memory you used:
 13908 strings out of 480218
 216840 string characters out of 5894882
 525368 words of memory out of 5000000
 31386 multiletter control sequences out of 15000+600000
 488503 words of font info for 68 fonts, out of 8000000 for 9000
 14 hyphenation exceptions out of 8191
 61i,17n,75p,2279b,566s stack positions out of 5000i,500n,10000p,200000b,80000s
 </home/lucas/.texlive2021/texmf-var/fonts/pk/ljfour/jknappen/ec/ecti1200.600
pk> </home/lucas/.texlive2021/texmf-var/fonts/pk/ljfour/jknappen/ec/ecbx1440.60
0pk> </home/lucas/.texlive2021/texmf-var/fonts/pk/ljfour/jknappen/ec/eccc1200.6
00pk> </home/lucas/.texlive2021/texmf-var/fonts/pk/ljfour/jknappen/ec/ecbx1728.
600pk> </home/lucas/.texlive2021/texmf-var/fonts/pk/ljfour/jknappen/ec/ecbx1200
.600pk> </home/lucas/.texlive2021/texmf-var/fonts/pk/ljfour/jknappen/ec/tcrm120
0.600pk> </home/lucas/.texlive2021/texmf-var/fonts/pk/ljfour/jknappen/ec/ecrm12
00.600pk> </home/lucas/.texlive2021/texmf-var/fonts/pk/ljfour/jknappen/ec/ecrm1
440.600pk> </home/lucas/.texlive2021/texmf-var/fonts/pk/ljfour/jknappen/ec/ecti
1440.600pk> </home/lucas/.texlive2021/texmf-var/fonts/pk/ljfour/jknappen/ec/ecb
x2488.600pk> </home/lucas/.texlive2021/texmf-var/fonts/pk/ljfour/jknappen/ec/ec
cc1440.600pk> </home/lucas/.texlive2021/texmf-var/fonts/pk/ljfour/jknappen/ec/e
ccc1728.600pk> </home/lucas/.texlive2021/texmf-var/fonts/pk/ljfour/jknappen/ec/
eccc2074.600pk></usr/share/texlive/texmf-dist/fonts/type1/public/amsfonts/cm/cm
bx12.pfb></usr/share/texlive/texmf-dist/fonts/type1/public/amsfonts/cm/cmex10.p
fb></usr/share/texlive/texmf-dist/fonts/type1/public/amsfonts/cm/cmmi10.pfb></u
sr/share/texlive/texmf-dist/fonts/type1/public/amsfonts/cm/cmmi12.pfb></usr/sha
re/texlive/texmf-dist/fonts/type1/public/amsfonts/cm/cmmi5.pfb></usr/share/texl
ive/texmf-dist/fonts/type1/public/amsfonts/cm/cmmi6.pfb></usr/share/texlive/tex
mf-dist/fonts/type1/public/amsfonts/cm/cmmi8.pfb></usr/share/texlive/texmf-dist
/fonts/type1/public/amsfonts/cm/cmr10.pfb></usr/share/texlive/texmf-dist/fonts/
type1/public/amsfonts/cm/cmr12.pfb></usr/share/texlive/texmf-dist/fonts/type1/p
ublic/amsfonts/cm/cmr6.pfb></usr/share/texlive/texmf-dist/fonts/type1/public/am
sfonts/cm/cmr8.pfb></usr/share/texlive/texmf-dist/fonts/type1/public/amsfonts/c
m/cmsy10.pfb></usr/share/texlive/texmf-dist/fonts/type1/public/amsfonts/cm/cmsy
5.pfb></usr/share/texlive/texmf-dist/fonts/type1/public/amsfonts/cm/cmsy6.pfb><
/usr/share/texlive/texmf-dist/fonts/type1/public/amsfonts/cm/cmsy8.pfb></usr/sh
are/texlive/texmf-dist/fonts/type1/public/amsfonts/symbols/msbm10.pfb></usr/sha
re/texmf/fonts/type1/public/tex-gyre/qhvb.pfb></usr/share/texmf/fonts/type1/pub
lic/tex-gyre/qhvbi.pfb></usr/share/texmf/fonts/type1/public/tex-gyre/qtmb.pfb><
/usr/share/texmf/fonts/type1/public/tex-gyre/qtmr.pfb></usr/share/texmf/fonts/t
ype1/public/tex-gyre/qtmri.pfb></usr/share/texlive/texmf-dist/fonts/type1/publi
c/txfonts/t1xbtt.pfb></usr/share/texlive/texmf-dist/fonts/type1/public/txfonts/
t1xtt.pfb></usr/share/texlive/texmf-dist/fonts/type1/public/txfonts/t1xtt.pfb><
/usr/share/texlive/texmf-dist/fonts/type1/public/txfonts/tcxtt.pfb>
Output written on main.pdf (68 pages, 5909263 bytes).
PDF statistics:
 1416 PDF objects out of 1440 (max. 8388607)
 773 compressed objects within 8 object streams
 211 named destinations out of 1000 (max. 500000)
 518 words of extra memory for PDF output out of 10000 (max. 10000000)

